2021-08-02T02:53:46+00:00 CRITICAL syntax error, unexpected end of file in /home/h/07msbs/wp-content/themes/bacola/functions.php on line 840

2021-08-02T02:55:17+00:00 CRITICAL syntax error, unexpected ''w' (T_ENCAPSED_AND_WHITESPACE), expecting ')' in /home/h/07msbs/wp-content/themes/bacola/functions.php on line 669

2021-08-02T03:37:01+00:00 CRITICAL syntax error, unexpected '<' in /home/h/07msbs/wp-content/themes/bacola/functions.php on line 983

2021-08-02T03:38:33+00:00 CRITICAL syntax error, unexpected ''); height: 65 px; width: 320p' (T_ENCAPSED_AND_WHITESPACE) in /home/h/07msbs/wp-content/themes/bacola/functions.php on line 683

2021-08-02T03:41:23+00:00 CRITICAL syntax error, unexpected '}', expecting ';' or ',' in /home/h/07msbs/wp-content/themes/bacola/functions.php on line 987

2021-08-02T03:41:27+00:00 CRITICAL syntax error, unexpected '}', expecting ';' or ',' in /home/h/07msbs/wp-content/themes/bacola/functions.php on line 987

2021-08-02T03:41:31+00:00 CRITICAL syntax error, unexpected '}', expecting ';' or ',' in /home/h/07msbs/wp-content/themes/bacola/functions.php on line 987

2021-08-02T03:41:39+00:00 CRITICAL Uncaught Error: Class 'bacola_main_walker' not found in /home/h/07msbs/wp-content/themes/bacola/includes/header/models/canvas-menu.php:52
Stack trace:
#0 /home/h/07msbs/wp-includes/template.php(732): require()
#1 /home/h/07msbs/wp-includes/template.php(676): load_template()
#2 /home/h/07msbs/wp-includes/general-template.php(204): locate_template()
#3 /home/h/07msbs/wp-content/themes/bacola/header.php(38): get_template_part()
#4 /home/h/07msbs/wp-includes/template.php(730): require_once('/home/h/07msbs/...')
#5 /home/h/07msbs/wp-includes/template.php(676): load_template()
#6 /home/h/07msbs/wp-includes/general-template.php(48): locate_template()
#7 /home/h/07msbs/wp-content/themes/bacola/page.php(10): get_header()
#8 /home/h/07msbs/wp-includes/template-loader.php(106): include('/home/h/07msbs/...')
#9 /home/h/07msbs/wp-blog-header.php(19): require_once('/home/h/07msbs/...')
#10 /home/h/07msbs/index.php(17): require('/home/h/07msbs/...')
#11 {main}
  thrown di /home/h/07msbs/wp-content/themes/bacola/includes/header/models/canvas-menu.php pada baris 52

2021-08-02T03:42:18+00:00 CRITICAL Uncaught Error: Class 'bacola_main_walker' not found in /home/h/07msbs/wp-content/themes/bacola/includes/header/models/canvas-menu.php:52
Stack trace:
#0 /home/h/07msbs/wp-includes/template.php(732): require()
#1 /home/h/07msbs/wp-includes/template.php(676): load_template()
#2 /home/h/07msbs/wp-includes/general-template.php(204): locate_template()
#3 /home/h/07msbs/wp-content/themes/bacola/header.php(38): get_template_part()
#4 /home/h/07msbs/wp-includes/template.php(730): require_once('/home/h/07msbs/...')
#5 /home/h/07msbs/wp-includes/template.php(676): load_template()
#6 /home/h/07msbs/wp-includes/general-template.php(48): locate_template()
#7 /home/h/07msbs/wp-content/themes/bacola/page.php(10): get_header()
#8 /home/h/07msbs/wp-includes/template-loader.php(106): include('/home/h/07msbs/...')
#9 /home/h/07msbs/wp-blog-header.php(19): require_once('/home/h/07msbs/...')
#10 /home/h/07msbs/index.php(17): require('/home/h/07msbs/...')
#11 {main}
  thrown di /home/h/07msbs/wp-content/themes/bacola/includes/header/models/canvas-menu.php pada baris 52

2021-08-02T03:42:22+00:00 CRITICAL Uncaught Error: Class 'bacola_main_walker' not found in /home/h/07msbs/wp-content/themes/bacola/includes/header/models/canvas-menu.php:52
Stack trace:
#0 /home/h/07msbs/wp-includes/template.php(732): require()
#1 /home/h/07msbs/wp-includes/template.php(676): load_template()
#2 /home/h/07msbs/wp-includes/general-template.php(204): locate_template()
#3 /home/h/07msbs/wp-content/themes/bacola/header.php(38): get_template_part()
#4 /home/h/07msbs/wp-includes/template.php(730): require_once('/home/h/07msbs/...')
#5 /home/h/07msbs/wp-includes/template.php(676): load_template()
#6 /home/h/07msbs/wp-includes/general-template.php(48): locate_template()
#7 /home/h/07msbs/wp-content/themes/bacola/page.php(10): get_header()
#8 /home/h/07msbs/wp-includes/template-loader.php(106): include('/home/h/07msbs/...')
#9 /home/h/07msbs/wp-blog-header.php(19): require_once('/home/h/07msbs/...')
#10 /home/h/07msbs/index.php(17): require('/home/h/07msbs/...')
#11 {main}
  thrown di /home/h/07msbs/wp-content/themes/bacola/includes/header/models/canvas-menu.php pada baris 52

2021-08-02T03:42:24+00:00 CRITICAL Uncaught Error: Class 'bacola_main_walker' not found in /home/h/07msbs/wp-content/themes/bacola/includes/header/models/canvas-menu.php:52
Stack trace:
#0 /home/h/07msbs/wp-includes/template.php(732): require()
#1 /home/h/07msbs/wp-includes/template.php(676): load_template()
#2 /home/h/07msbs/wp-includes/general-template.php(204): locate_template()
#3 /home/h/07msbs/wp-content/themes/bacola/header.php(38): get_template_part()
#4 /home/h/07msbs/wp-includes/template.php(730): require_once('/home/h/07msbs/...')
#5 /home/h/07msbs/wp-includes/template.php(676): load_template()
#6 /home/h/07msbs/wp-includes/general-template.php(48): locate_template()
#7 /home/h/07msbs/wp-content/themes/bacola/page.php(10): get_header()
#8 /home/h/07msbs/wp-includes/template-loader.php(106): include('/home/h/07msbs/...')
#9 /home/h/07msbs/wp-blog-header.php(19): require_once('/home/h/07msbs/...')
#10 /home/h/07msbs/index.php(17): require('/home/h/07msbs/...')
#11 {main}
  thrown di /home/h/07msbs/wp-content/themes/bacola/includes/header/models/canvas-menu.php pada baris 52

2021-08-02T03:42:27+00:00 CRITICAL Uncaught Error: Class 'bacola_main_walker' not found in /home/h/07msbs/wp-content/themes/bacola/includes/header/models/canvas-menu.php:52
Stack trace:
#0 /home/h/07msbs/wp-includes/template.php(732): require()
#1 /home/h/07msbs/wp-includes/template.php(676): load_template()
#2 /home/h/07msbs/wp-includes/general-template.php(204): locate_template()
#3 /home/h/07msbs/wp-content/themes/bacola/header.php(38): get_template_part()
#4 /home/h/07msbs/wp-includes/template.php(730): require_once('/home/h/07msbs/...')
#5 /home/h/07msbs/wp-includes/template.php(676): load_template()
#6 /home/h/07msbs/wp-includes/general-template.php(48): locate_template()
#7 /home/h/07msbs/wp-content/themes/bacola/page.php(10): get_header()
#8 /home/h/07msbs/wp-includes/template-loader.php(106): include('/home/h/07msbs/...')
#9 /home/h/07msbs/wp-blog-header.php(19): require_once('/home/h/07msbs/...')
#10 /home/h/07msbs/index.php(17): require('/home/h/07msbs/...')
#11 {main}
  thrown di /home/h/07msbs/wp-content/themes/bacola/includes/header/models/canvas-menu.php pada baris 52

2021-08-02T03:42:31+00:00 CRITICAL Uncaught Error: Class 'bacola_main_walker' not found in /home/h/07msbs/wp-content/themes/bacola/includes/header/models/canvas-menu.php:52
Stack trace:
#0 /home/h/07msbs/wp-includes/template.php(732): require()
#1 /home/h/07msbs/wp-includes/template.php(676): load_template()
#2 /home/h/07msbs/wp-includes/general-template.php(204): locate_template()
#3 /home/h/07msbs/wp-content/themes/bacola/header.php(38): get_template_part()
#4 /home/h/07msbs/wp-includes/template.php(730): require_once('/home/h/07msbs/...')
#5 /home/h/07msbs/wp-includes/template.php(676): load_template()
#6 /home/h/07msbs/wp-includes/general-template.php(48): locate_template()
#7 /home/h/07msbs/wp-content/themes/bacola/page.php(10): get_header()
#8 /home/h/07msbs/wp-includes/template-loader.php(106): include('/home/h/07msbs/...')
#9 /home/h/07msbs/wp-blog-header.php(19): require_once('/home/h/07msbs/...')
#10 /home/h/07msbs/index.php(17): require('/home/h/07msbs/...')
#11 {main}
  thrown di /home/h/07msbs/wp-content/themes/bacola/includes/header/models/canvas-menu.php pada baris 52

2021-08-02T03:42:33+00:00 CRITICAL Uncaught Error: Class 'bacola_main_walker' not found in /home/h/07msbs/wp-content/themes/bacola/includes/header/models/canvas-menu.php:52
Stack trace:
#0 /home/h/07msbs/wp-includes/template.php(732): require()
#1 /home/h/07msbs/wp-includes/template.php(676): load_template()
#2 /home/h/07msbs/wp-includes/general-template.php(204): locate_template()
#3 /home/h/07msbs/wp-content/themes/bacola/header.php(38): get_template_part()
#4 /home/h/07msbs/wp-includes/template.php(730): require_once('/home/h/07msbs/...')
#5 /home/h/07msbs/wp-includes/template.php(676): load_template()
#6 /home/h/07msbs/wp-includes/general-template.php(48): locate_template()
#7 /home/h/07msbs/wp-content/themes/bacola/page.php(10): get_header()
#8 /home/h/07msbs/wp-includes/template-loader.php(106): include('/home/h/07msbs/...')
#9 /home/h/07msbs/wp-blog-header.php(19): require_once('/home/h/07msbs/...')
#10 /home/h/07msbs/index.php(17): require('/home/h/07msbs/...')
#11 {main}
  thrown di /home/h/07msbs/wp-content/themes/bacola/includes/header/models/canvas-menu.php pada baris 52

2021-08-02T03:44:19+00:00 CRITICAL syntax error, unexpected '.' in /home/h/07msbs/wp-content/themes/bacola/functions.php on line 986

2021-08-02T03:44:23+00:00 CRITICAL syntax error, unexpected '.' in /home/h/07msbs/wp-content/themes/bacola/functions.php on line 986

2021-08-02T03:44:31+00:00 CRITICAL syntax error, unexpected '.' in /home/h/07msbs/wp-content/themes/bacola/functions.php on line 986

2021-08-02T03:44:50+00:00 CRITICAL syntax error, unexpected '.' in /home/h/07msbs/wp-content/themes/bacola/functions.php on line 986

2021-08-02T03:44:53+00:00 CRITICAL syntax error, unexpected '.' in /home/h/07msbs/wp-content/themes/bacola/functions.php on line 986

2021-08-02T03:45:01+00:00 CRITICAL syntax error, unexpected '.' in /home/h/07msbs/wp-content/themes/bacola/functions.php on line 986

2021-08-02T03:46:43+00:00 CRITICAL Uncaught Error: Class 'bacola_main_walker' not found in /home/h/07msbs/wp-content/themes/bacola/includes/header/models/canvas-menu.php:52
Stack trace:
#0 /home/h/07msbs/wp-includes/template.php(732): require()
#1 /home/h/07msbs/wp-includes/template.php(676): load_template()
#2 /home/h/07msbs/wp-includes/general-template.php(204): locate_template()
#3 /home/h/07msbs/wp-content/themes/bacola/header.php(38): get_template_part()
#4 /home/h/07msbs/wp-includes/template.php(730): require_once('/home/h/07msbs/...')
#5 /home/h/07msbs/wp-includes/template.php(676): load_template()
#6 /home/h/07msbs/wp-includes/general-template.php(48): locate_template()
#7 /home/h/07msbs/wp-content/themes/bacola/page.php(10): get_header()
#8 /home/h/07msbs/wp-includes/template-loader.php(106): include('/home/h/07msbs/...')
#9 /home/h/07msbs/wp-blog-header.php(19): require_once('/home/h/07msbs/...')
#10 /home/h/07msbs/index.php(17): require('/home/h/07msbs/...')
#11 {main}
  thrown di /home/h/07msbs/wp-content/themes/bacola/includes/header/models/canvas-menu.php pada baris 52

2021-08-02T04:10:32+00:00 CRITICAL Uncaught Error: Class 'WC_Coupon_Restrictions_Validation' not found in /home/h/07msbs/wp-content/plugins/woocommerce-coupon-restrictions/woocommerce-coupon-restrictions.php:168
Stack trace:
#0 /home/h/07msbs/wp-content/plugins/woocommerce-coupon-restrictions/woocommerce-coupon-restrictions.php(106): WC_Coupon_Restrictions->includes()
#1 /home/h/07msbs/wp-content/plugins/woocommerce-coupon-restrictions/woocommerce-coupon-restrictions.php(252): WC_Coupon_Restrictions->__construct()
#2 /home/h/07msbs/wp-content/plugins/woocommerce-coupon-restrictions/woocommerce-coupon-restrictions.php(267): WC_Coupon_Restrictions_Factory::create()
#3 /home/h/07msbs/wp-includes/class-wp-hook.php(292): WC_Coupon_Restrictions()
#4 /home/h/07msbs/wp-includes/class-wp-hook.php(316): WP_Hook->apply_filters()
#5 /home/h/07msbs/wp-includes/plugin.php(484): WP_Hook->do_action()
#6 /home/h/07msbs/wp-settings.php(423): do_action()
#7 /home/h/07msbs/wp-config.php(99): require_once('/home/h/07msbs/...')
#8 /home/h/07msbs/wp-load.php(37): re in /home/h/07msbs/wp-content/plugins/woocommerce-coupon-restrictions/woocommerce-coupon-restrictions.php on line 168

2021-08-02T04:12:32+00:00 CRITICAL syntax error, unexpected end of file, expecting function (T_FUNCTION) or const (T_CONST) in /home/h/07msbs/wp-content/plugins/woocommerce-coupon-restrictions/includes/class-wc-coupon-restrictions-validation.php on line 566

2021-08-02T04:14:32+00:00 CRITICAL Uncaught Error: Class 'WC_Coupon_Restrictions_Validation' not found in /home/h/07msbs/wp-content/plugins/woocommerce-coupon-restrictions/woocommerce-coupon-restrictions.php:168
Stack trace:
#0 /home/h/07msbs/wp-content/plugins/woocommerce-coupon-restrictions/woocommerce-coupon-restrictions.php(106): WC_Coupon_Restrictions->includes()
#1 /home/h/07msbs/wp-content/plugins/woocommerce-coupon-restrictions/woocommerce-coupon-restrictions.php(252): WC_Coupon_Restrictions->__construct()
#2 /home/h/07msbs/wp-content/plugins/woocommerce-coupon-restrictions/woocommerce-coupon-restrictions.php(267): WC_Coupon_Restrictions_Factory::create()
#3 /home/h/07msbs/wp-includes/class-wp-hook.php(292): WC_Coupon_Restrictions()
#4 /home/h/07msbs/wp-includes/class-wp-hook.php(316): WP_Hook->apply_filters()
#5 /home/h/07msbs/wp-includes/plugin.php(484): WP_Hook->do_action()
#6 /home/h/07msbs/wp-settings.php(423): do_action()
#7 /home/h/07msbs/wp-config.php(99): require_once('/home/h/07msbs/...')
#8 /home/h/07msbs/wp-load.php(37): re in /home/h/07msbs/wp-content/plugins/woocommerce-coupon-restrictions/woocommerce-coupon-restrictions.php on line 168

2021-08-02T04:14:50+00:00 CRITICAL Uncaught Error: Class 'WC_Coupon_Restrictions_Validation' not found in /home/h/07msbs/wp-content/plugins/woocommerce-coupon-restrictions/woocommerce-coupon-restrictions.php:168
Stack trace:
#0 /home/h/07msbs/wp-content/plugins/woocommerce-coupon-restrictions/woocommerce-coupon-restrictions.php(106): WC_Coupon_Restrictions->includes()
#1 /home/h/07msbs/wp-content/plugins/woocommerce-coupon-restrictions/woocommerce-coupon-restrictions.php(252): WC_Coupon_Restrictions->__construct()
#2 /home/h/07msbs/wp-content/plugins/woocommerce-coupon-restrictions/woocommerce-coupon-restrictions.php(267): WC_Coupon_Restrictions_Factory::create()
#3 /home/h/07msbs/wp-includes/class-wp-hook.php(292): WC_Coupon_Restrictions()
#4 /home/h/07msbs/wp-includes/class-wp-hook.php(316): WP_Hook->apply_filters()
#5 /home/h/07msbs/wp-includes/plugin.php(484): WP_Hook->do_action()
#6 /home/h/07msbs/wp-settings.php(423): do_action()
#7 /home/h/07msbs/wp-config.php(99): require_once('/home/h/07msbs/...')
#8 /home/h/07msbs/wp-load.php(37): re in /home/h/07msbs/wp-content/plugins/woocommerce-coupon-restrictions/woocommerce-coupon-restrictions.php on line 168

2021-08-02T04:22:02+00:00 CRITICAL Cannot redeclare WC_Coupon_Restrictions_Admin::customer_restrictions() in /home/h/07msbs/wp-content/plugins/woocommerce-coupon-restrictions/includes/class-wc-coupon-restrictions-admin.php on line 67

2021-08-02T04:22:05+00:00 CRITICAL Uncaught Error: Class 'WC_Coupon_Restrictions_Admin' not found in /home/h/07msbs/wp-content/plugins/woocommerce-coupon-restrictions/woocommerce-coupon-restrictions.php:158
Stack trace:
#0 /home/h/07msbs/wp-content/plugins/woocommerce-coupon-restrictions/woocommerce-coupon-restrictions.php(106): WC_Coupon_Restrictions->includes()
#1 /home/h/07msbs/wp-content/plugins/woocommerce-coupon-restrictions/woocommerce-coupon-restrictions.php(252): WC_Coupon_Restrictions->__construct()
#2 /home/h/07msbs/wp-content/plugins/woocommerce-coupon-restrictions/woocommerce-coupon-restrictions.php(267): WC_Coupon_Restrictions_Factory::create()
#3 /home/h/07msbs/wp-includes/class-wp-hook.php(292): WC_Coupon_Restrictions()
#4 /home/h/07msbs/wp-includes/class-wp-hook.php(316): WP_Hook->apply_filters()
#5 /home/h/07msbs/wp-includes/plugin.php(484): WP_Hook->do_action()
#6 /home/h/07msbs/wp-settings.php(423): do_action()
#7 /home/h/07msbs/wp-config.php(99): require_once('/home/h/07msbs/...')
#8 /home/h/07msbs/wp-load.php(37): require in /home/h/07msbs/wp-content/plugins/woocommerce-coupon-restrictions/woocommerce-coupon-restrictions.php on line 158

2021-08-02T04:24:24+00:00 CRITICAL Uncaught Error: Class 'WC_Coupon_Restrictions_Admin' not found in /home/h/07msbs/wp-content/plugins/woocommerce-coupon-restrictions/woocommerce-coupon-restrictions.php:158
Stack trace:
#0 /home/h/07msbs/wp-content/plugins/woocommerce-coupon-restrictions/woocommerce-coupon-restrictions.php(106): WC_Coupon_Restrictions->includes()
#1 /home/h/07msbs/wp-content/plugins/woocommerce-coupon-restrictions/woocommerce-coupon-restrictions.php(252): WC_Coupon_Restrictions->__construct()
#2 /home/h/07msbs/wp-content/plugins/woocommerce-coupon-restrictions/woocommerce-coupon-restrictions.php(267): WC_Coupon_Restrictions_Factory::create()
#3 /home/h/07msbs/wp-includes/class-wp-hook.php(292): WC_Coupon_Restrictions()
#4 /home/h/07msbs/wp-includes/class-wp-hook.php(316): WP_Hook->apply_filters()
#5 /home/h/07msbs/wp-includes/plugin.php(484): WP_Hook->do_action()
#6 /home/h/07msbs/wp-settings.php(423): do_action()
#7 /home/h/07msbs/wp-config.php(99): require_once('/home/h/07msbs/...')
#8 /home/h/07msbs/wp-load.php(37): require in /home/h/07msbs/wp-content/plugins/woocommerce-coupon-restrictions/woocommerce-coupon-restrictions.php on line 158

2021-08-02T04:27:50+00:00 CRITICAL Uncaught Error: Class 'WC_Coupon_Restrictions_Admin' not found in /home/h/07msbs/wp-content/plugins/woocommerce-coupon-restrictions/woocommerce-coupon-restrictions.php:158
Stack trace:
#0 /home/h/07msbs/wp-content/plugins/woocommerce-coupon-restrictions/woocommerce-coupon-restrictions.php(106): WC_Coupon_Restrictions->includes()
#1 /home/h/07msbs/wp-content/plugins/woocommerce-coupon-restrictions/woocommerce-coupon-restrictions.php(252): WC_Coupon_Restrictions->__construct()
#2 /home/h/07msbs/wp-content/plugins/woocommerce-coupon-restrictions/woocommerce-coupon-restrictions.php(267): WC_Coupon_Restrictions_Factory::create()
#3 /home/h/07msbs/wp-includes/class-wp-hook.php(292): WC_Coupon_Restrictions()
#4 /home/h/07msbs/wp-includes/class-wp-hook.php(316): WP_Hook->apply_filters()
#5 /home/h/07msbs/wp-includes/plugin.php(484): WP_Hook->do_action()
#6 /home/h/07msbs/wp-settings.php(423): do_action()
#7 /home/h/07msbs/wp-config.php(99): require_once('/home/h/07msbs/...')
#8 /home/h/07msbs/wp-load.php(37): require in /home/h/07msbs/wp-content/plugins/woocommerce-coupon-restrictions/woocommerce-coupon-restrictions.php on line 158

2021-08-02T04:27:50+00:00 CRITICAL Uncaught Error: Class 'WC_Coupon_Restrictions_Admin' not found in /home/h/07msbs/wp-content/plugins/woocommerce-coupon-restrictions/woocommerce-coupon-restrictions.php:158
Stack trace:
#0 /home/h/07msbs/wp-content/plugins/woocommerce-coupon-restrictions/woocommerce-coupon-restrictions.php(106): WC_Coupon_Restrictions->includes()
#1 /home/h/07msbs/wp-content/plugins/woocommerce-coupon-restrictions/woocommerce-coupon-restrictions.php(252): WC_Coupon_Restrictions->__construct()
#2 /home/h/07msbs/wp-content/plugins/woocommerce-coupon-restrictions/woocommerce-coupon-restrictions.php(267): WC_Coupon_Restrictions_Factory::create()
#3 /home/h/07msbs/wp-includes/class-wp-hook.php(292): WC_Coupon_Restrictions()
#4 /home/h/07msbs/wp-includes/class-wp-hook.php(316): WP_Hook->apply_filters()
#5 /home/h/07msbs/wp-includes/plugin.php(484): WP_Hook->do_action()
#6 /home/h/07msbs/wp-settings.php(423): do_action()
#7 /home/h/07msbs/wp-config.php(99): require_once('/home/h/07msbs/...')
#8 /home/h/07msbs/wp-load.php(37): require in /home/h/07msbs/wp-content/plugins/woocommerce-coupon-restrictions/woocommerce-coupon-restrictions.php on line 158

2021-08-02T04:27:54+00:00 CRITICAL Uncaught Error: Class 'WC_Coupon_Restrictions_Admin' not found in /home/h/07msbs/wp-content/plugins/woocommerce-coupon-restrictions/woocommerce-coupon-restrictions.php:158
Stack trace:
#0 /home/h/07msbs/wp-content/plugins/woocommerce-coupon-restrictions/woocommerce-coupon-restrictions.php(106): WC_Coupon_Restrictions->includes()
#1 /home/h/07msbs/wp-content/plugins/woocommerce-coupon-restrictions/woocommerce-coupon-restrictions.php(252): WC_Coupon_Restrictions->__construct()
#2 /home/h/07msbs/wp-content/plugins/woocommerce-coupon-restrictions/woocommerce-coupon-restrictions.php(267): WC_Coupon_Restrictions_Factory::create()
#3 /home/h/07msbs/wp-includes/class-wp-hook.php(292): WC_Coupon_Restrictions()
#4 /home/h/07msbs/wp-includes/class-wp-hook.php(316): WP_Hook->apply_filters()
#5 /home/h/07msbs/wp-includes/plugin.php(484): WP_Hook->do_action()
#6 /home/h/07msbs/wp-settings.php(423): do_action()
#7 /home/h/07msbs/wp-config.php(99): require_once('/home/h/07msbs/...')
#8 /home/h/07msbs/wp-load.php(37): require in /home/h/07msbs/wp-content/plugins/woocommerce-coupon-restrictions/woocommerce-coupon-restrictions.php on line 158

2021-08-02T04:28:01+00:00 CRITICAL Uncaught Error: Class 'WC_Coupon_Restrictions_Admin' not found in /home/h/07msbs/wp-content/plugins/woocommerce-coupon-restrictions/woocommerce-coupon-restrictions.php:158
Stack trace:
#0 /home/h/07msbs/wp-content/plugins/woocommerce-coupon-restrictions/woocommerce-coupon-restrictions.php(106): WC_Coupon_Restrictions->includes()
#1 /home/h/07msbs/wp-content/plugins/woocommerce-coupon-restrictions/woocommerce-coupon-restrictions.php(252): WC_Coupon_Restrictions->__construct()
#2 /home/h/07msbs/wp-content/plugins/woocommerce-coupon-restrictions/woocommerce-coupon-restrictions.php(267): WC_Coupon_Restrictions_Factory::create()
#3 /home/h/07msbs/wp-includes/class-wp-hook.php(292): WC_Coupon_Restrictions()
#4 /home/h/07msbs/wp-includes/class-wp-hook.php(316): WP_Hook->apply_filters()
#5 /home/h/07msbs/wp-includes/plugin.php(484): WP_Hook->do_action()
#6 /home/h/07msbs/wp-settings.php(423): do_action()
#7 /home/h/07msbs/wp-config.php(99): require_once('/home/h/07msbs/...')
#8 /home/h/07msbs/wp-load.php(37): require in /home/h/07msbs/wp-content/plugins/woocommerce-coupon-restrictions/woocommerce-coupon-restrictions.php on line 158

2021-08-02T04:28:02+00:00 CRITICAL Uncaught Error: Class 'WC_Coupon_Restrictions_Admin' not found in /home/h/07msbs/wp-content/plugins/woocommerce-coupon-restrictions/woocommerce-coupon-restrictions.php:158
Stack trace:
#0 /home/h/07msbs/wp-content/plugins/woocommerce-coupon-restrictions/woocommerce-coupon-restrictions.php(106): WC_Coupon_Restrictions->includes()
#1 /home/h/07msbs/wp-content/plugins/woocommerce-coupon-restrictions/woocommerce-coupon-restrictions.php(252): WC_Coupon_Restrictions->__construct()
#2 /home/h/07msbs/wp-content/plugins/woocommerce-coupon-restrictions/woocommerce-coupon-restrictions.php(267): WC_Coupon_Restrictions_Factory::create()
#3 /home/h/07msbs/wp-includes/class-wp-hook.php(292): WC_Coupon_Restrictions()
#4 /home/h/07msbs/wp-includes/class-wp-hook.php(316): WP_Hook->apply_filters()
#5 /home/h/07msbs/wp-includes/plugin.php(484): WP_Hook->do_action()
#6 /home/h/07msbs/wp-settings.php(423): do_action()
#7 /home/h/07msbs/wp-config.php(99): require_once('/home/h/07msbs/...')
#8 /home/h/07msbs/wp-load.php(37): require in /home/h/07msbs/wp-content/plugins/woocommerce-coupon-restrictions/woocommerce-coupon-restrictions.php on line 158

2021-08-02T04:29:26+00:00 CRITICAL Uncaught Error: Class 'WC_Coupon_Restrictions_Admin' not found in /home/h/07msbs/wp-content/plugins/woocommerce-coupon-restrictions/woocommerce-coupon-restrictions.php:158
Stack trace:
#0 /home/h/07msbs/wp-content/plugins/woocommerce-coupon-restrictions/woocommerce-coupon-restrictions.php(106): WC_Coupon_Restrictions->includes()
#1 /home/h/07msbs/wp-content/plugins/woocommerce-coupon-restrictions/woocommerce-coupon-restrictions.php(252): WC_Coupon_Restrictions->__construct()
#2 /home/h/07msbs/wp-content/plugins/woocommerce-coupon-restrictions/woocommerce-coupon-restrictions.php(267): WC_Coupon_Restrictions_Factory::create()
#3 /home/h/07msbs/wp-includes/class-wp-hook.php(292): WC_Coupon_Restrictions()
#4 /home/h/07msbs/wp-includes/class-wp-hook.php(316): WP_Hook->apply_filters()
#5 /home/h/07msbs/wp-includes/plugin.php(484): WP_Hook->do_action()
#6 /home/h/07msbs/wp-settings.php(423): do_action()
#7 /home/h/07msbs/wp-config.php(99): require_once('/home/h/07msbs/...')
#8 /home/h/07msbs/wp-load.php(37): require in /home/h/07msbs/wp-content/plugins/woocommerce-coupon-restrictions/woocommerce-coupon-restrictions.php on line 158

2021-08-02T04:45:33+00:00 CRITICAL Uncaught Error: Class 'WC_Coupon_Restrictions_Admin' not found in /home/h/07msbs/wp-content/plugins/woocommerce-coupon-restrictions/woocommerce-coupon-restrictions.php:158
Stack trace:
#0 /home/h/07msbs/wp-content/plugins/woocommerce-coupon-restrictions/woocommerce-coupon-restrictions.php(106): WC_Coupon_Restrictions->includes()
#1 /home/h/07msbs/wp-content/plugins/woocommerce-coupon-restrictions/woocommerce-coupon-restrictions.php(252): WC_Coupon_Restrictions->__construct()
#2 /home/h/07msbs/wp-content/plugins/woocommerce-coupon-restrictions/woocommerce-coupon-restrictions.php(267): WC_Coupon_Restrictions_Factory::create()
#3 /home/h/07msbs/wp-includes/class-wp-hook.php(292): WC_Coupon_Restrictions()
#4 /home/h/07msbs/wp-includes/class-wp-hook.php(316): WP_Hook->apply_filters()
#5 /home/h/07msbs/wp-includes/plugin.php(484): WP_Hook->do_action()
#6 /home/h/07msbs/wp-settings.php(423): do_action()
#7 /home/h/07msbs/wp-config.php(99): require_once('/home/h/07msbs/...')
#8 /home/h/07msbs/wp-load.php(37): require in /home/h/07msbs/wp-content/plugins/woocommerce-coupon-restrictions/woocommerce-coupon-restrictions.php on line 158

